        Placement Information by Core
        =============================

Generated: Tue Aug  7 11:10:23 2018 for target machine 'virtual'

**** Chip: (0, 0)
Application cores: 15
  Processor 1: Vertex: 'KC_population', pop size: 2000
              Slice on this core: 300:349 (50 atoms)
              Model: IFCurrExpBase

  Processor 2: Vertex: 'KC_population', pop size: 2000
              Slice on this core: 350:399 (50 atoms)
              Model: IFCurrExpBase

  Processor 3: Vertex: 'KC_population', pop size: 2000
              Slice on this core: 850:899 (50 atoms)
              Model: IFCurrExpBase

  Processor 4: Vertex: 'KC_population', pop size: 2000
              Slice on this core: 1050:1099 (50 atoms)
              Model: IFCurrExpBase

  Processor 5: Vertex: 'KC_population', pop size: 2000
              Slice on this core: 1150:1199 (50 atoms)
              Model: IFCurrExpBase

  Processor 6: Vertex: 'KC_population', pop size: 2000
              Slice on this core: 1000:1049 (50 atoms)
              Model: IFCurrExpBase

  Processor 7: Vertex: 'KC_population', pop size: 2000
              Slice on this core: 1250:1299 (50 atoms)
              Model: IFCurrExpBase

  Processor 8: Vertex: 'KC_population', pop size: 2000
              Slice on this core: 900:949 (50 atoms)
              Model: IFCurrExpBase

  Processor 9: Vertex: 'KC_population', pop size: 2000
              Slice on this core: 1450:1499 (50 atoms)
              Model: IFCurrExpBase

  Processor 10: Vertex: 'KC_population', pop size: 2000
              Slice on this core: 950:999 (50 atoms)
              Model: IFCurrExpBase

  Processor 11: Vertex: 'KC_population', pop size: 2000
              Slice on this core: 1300:1349 (50 atoms)
              Model: IFCurrExpBase

  Processor 12: Vertex: 'KC_population', pop size: 2000
              Slice on this core: 500:549 (50 atoms)
              Model: IFCurrExpBase

  Processor 13: Vertex: 'KC_population', pop size: 2000
              Slice on this core: 1200:1249 (50 atoms)
              Model: IFCurrExpBase

  Processor 14: Vertex: 'KC_population', pop size: 2000
              Slice on this core: 400:449 (50 atoms)
              Model: IFCurrExpBase

**** Chip: (1, 0)
Application cores: 15
  Processor 1: Vertex: 'KC_population', pop size: 2000
              Slice on this core: 1800:1849 (50 atoms)
              Model: IFCurrExpBase

  Processor 2: Vertex: 'KC_population', pop size: 2000
              Slice on this core: 1100:1149 (50 atoms)
              Model: IFCurrExpBase

  Processor 3: Vertex: 'KC_population', pop size: 2000
              Slice on this core: 450:499 (50 atoms)
              Model: IFCurrExpBase

  Processor 4: Vertex: 'KC_population', pop size: 2000
              Slice on this core: 600:649 (50 atoms)
              Model: IFCurrExpBase

  Processor 5: Vertex: 'KC_population', pop size: 2000
              Slice on this core: 1350:1399 (50 atoms)
              Model: IFCurrExpBase

  Processor 6: Vertex: 'KC_population', pop size: 2000
              Slice on this core: 1400:1449 (50 atoms)
              Model: IFCurrExpBase

  Processor 7: Vertex: 'KC_population', pop size: 2000
              Slice on this core: 750:799 (50 atoms)
              Model: IFCurrExpBase

  Processor 8: Vertex: 'KC_population', pop size: 2000
              Slice on this core: 1550:1599 (50 atoms)
              Model: IFCurrExpBase

  Processor 9: Vertex: 'KC_population', pop size: 2000
              Slice on this core: 800:849 (50 atoms)
              Model: IFCurrExpBase

  Processor 10: Vertex: 'KC_population', pop size: 2000
              Slice on this core: 1650:1699 (50 atoms)
              Model: IFCurrExpBase

  Processor 11: Vertex: 'KC_population', pop size: 2000
              Slice on this core: 1850:1899 (50 atoms)
              Model: IFCurrExpBase

  Processor 12: Vertex: 'KC_population', pop size: 2000
              Slice on this core: 1500:1549 (50 atoms)
              Model: IFCurrExpBase

  Processor 13: Vertex: 'KC_population', pop size: 2000
              Slice on this core: 1600:1649 (50 atoms)
              Model: IFCurrExpBase

  Processor 14: Vertex: 'KC_population', pop size: 2000
              Slice on this core: 650:699 (50 atoms)
              Model: IFCurrExpBase

**** Chip: (1, 1)
Application cores: 15
  Processor 1: Vertex: 'KC_population', pop size: 2000
              Slice on this core: 1700:1749 (50 atoms)
              Model: IFCurrExpBase

  Processor 2: Vertex: 'KC_population', pop size: 2000
              Slice on this core: 700:749 (50 atoms)
              Model: IFCurrExpBase

  Processor 3: Vertex: 'KC_population', pop size: 2000
              Slice on this core: 1750:1799 (50 atoms)
              Model: IFCurrExpBase

  Processor 4: Vertex: 'KC_population', pop size: 2000
              Slice on this core: 550:599 (50 atoms)
              Model: IFCurrExpBase

  Processor 5: Vertex: 'KC_population', pop size: 2000
              Slice on this core: 50:99 (50 atoms)
              Model: IFCurrExpBase

  Processor 6: Vertex: 'KC_population', pop size: 2000
              Slice on this core: 0:49 (50 atoms)
              Model: IFCurrExpBase

  Processor 7: Vertex: 'KC_population', pop size: 2000
              Slice on this core: 100:149 (50 atoms)
              Model: IFCurrExpBase

  Processor 8: Vertex: 'KC_population', pop size: 2000
              Slice on this core: 1900:1949 (50 atoms)
              Model: IFCurrExpBase

  Processor 9: Vertex: 'PN_population', pop size: 100
              Slice on this core: 0:99 (100 atoms)
              Model: SpikeSourceArray

  Processor 10: Vertex: 'KC_population', pop size: 2000
              Slice on this core: 250:299 (50 atoms)
              Model: IFCurrExpBase

  Processor 11: Vertex: 'KC_population', pop size: 2000
              Slice on this core: 1950:1999 (50 atoms)
              Model: IFCurrExpBase

  Processor 12: Vertex: 'KC_population', pop size: 2000
              Slice on this core: 150:199 (50 atoms)
              Model: IFCurrExpBase

  Processor 13: Vertex: 'KC_population', pop size: 2000
              Slice on this core: 200:249 (50 atoms)
              Model: IFCurrExpBase

