        Placement Information by Vertex
        ===============================

Generated: Tue Aug  7 11:10:23 2018 for target machine 'virtual'

**** Vertex: 'PN_population'
Model: SpikeSourceArray
Pop size: 100
Machine Vertices: 
  Slice 0:99 (100 atoms) on core (1, 1, 9) 

**** Vertex: 'KC_population'
Model: IFCurrExpBase
Pop size: 2000
Machine Vertices: 
  Slice 0:49 (50 atoms) on core (1, 1, 6) 
  Slice 50:99 (50 atoms) on core (1, 1, 5) 
  Slice 100:149 (50 atoms) on core (1, 1, 7) 
  Slice 150:199 (50 atoms) on core (1, 1, 12) 
  Slice 200:249 (50 atoms) on core (1, 1, 13) 
  Slice 250:299 (50 atoms) on core (1, 1, 10) 
  Slice 300:349 (50 atoms) on core (0, 0, 1) 
  Slice 350:399 (50 atoms) on core (0, 0, 2) 
  Slice 400:449 (50 atoms) on core (0, 0, 14) 
  Slice 450:499 (50 atoms) on core (1, 0, 3) 
  Slice 500:549 (50 atoms) on core (0, 0, 12) 
  Slice 550:599 (50 atoms) on core (1, 1, 4) 
  Slice 600:649 (50 atoms) on core (1, 0, 4) 
  Slice 650:699 (50 atoms) on core (1, 0, 14) 
  Slice 700:749 (50 atoms) on core (1, 1, 2) 
  Slice 750:799 (50 atoms) on core (1, 0, 7) 
  Slice 800:849 (50 atoms) on core (1, 0, 9) 
  Slice 850:899 (50 atoms) on core (0, 0, 3) 
  Slice 900:949 (50 atoms) on core (0, 0, 8) 
  Slice 950:999 (50 atoms) on core (0, 0, 10) 
  Slice 1000:1049 (50 atoms) on core (0, 0, 6) 
  Slice 1050:1099 (50 atoms) on core (0, 0, 4) 
  Slice 1100:1149 (50 atoms) on core (1, 0, 2) 
  Slice 1150:1199 (50 atoms) on core (0, 0, 5) 
  Slice 1200:1249 (50 atoms) on core (0, 0, 13) 
  Slice 1250:1299 (50 atoms) on core (0, 0, 7) 
  Slice 1300:1349 (50 atoms) on core (0, 0, 11) 
  Slice 1350:1399 (50 atoms) on core (1, 0, 5) 
  Slice 1400:1449 (50 atoms) on core (1, 0, 6) 
  Slice 1450:1499 (50 atoms) on core (0, 0, 9) 
  Slice 1500:1549 (50 atoms) on core (1, 0, 12) 
  Slice 1550:1599 (50 atoms) on core (1, 0, 8) 
  Slice 1600:1649 (50 atoms) on core (1, 0, 13) 
  Slice 1650:1699 (50 atoms) on core (1, 0, 10) 
  Slice 1700:1749 (50 atoms) on core (1, 1, 1) 
  Slice 1750:1799 (50 atoms) on core (1, 1, 3) 
  Slice 1800:1849 (50 atoms) on core (1, 0, 1) 
  Slice 1850:1899 (50 atoms) on core (1, 0, 11) 
  Slice 1900:1949 (50 atoms) on core (1, 1, 8) 
  Slice 1950:1999 (50 atoms) on core (1, 1, 11) 

