        Placement Information by Vertex
        ===============================

Generated: Tue Aug  7 11:17:18 2018 for target machine 'virtual'

**** Vertex: 'PN_population'
Model: SpikeSourceArray
Pop size: 100
Machine Vertices: 
  Slice 0:99 (100 atoms) 

**** Vertex: 'KC_population'
Model: IFCurrExpBase
Pop size: 2000
Machine Vertices: 
  Slice 0:49 (50 atoms) 
  Slice 50:99 (50 atoms) 
  Slice 100:149 (50 atoms) 
  Slice 150:199 (50 atoms) 
  Slice 200:249 (50 atoms) 
  Slice 250:299 (50 atoms) 
  Slice 300:349 (50 atoms) 
  Slice 350:399 (50 atoms) 
  Slice 400:449 (50 atoms) 
  Slice 450:499 (50 atoms) 
  Slice 500:549 (50 atoms) 
  Slice 550:599 (50 atoms) 
  Slice 600:649 (50 atoms) 
  Slice 650:699 (50 atoms) 
  Slice 700:749 (50 atoms) 
  Slice 750:799 (50 atoms) 
  Slice 800:849 (50 atoms) 
  Slice 850:899 (50 atoms) 
  Slice 900:949 (50 atoms) 
  Slice 950:999 (50 atoms) 
  Slice 1000:1049 (50 atoms) 
  Slice 1050:1099 (50 atoms) 
  Slice 1100:1149 (50 atoms) 
  Slice 1150:1199 (50 atoms) 
  Slice 1200:1249 (50 atoms) 
  Slice 1250:1299 (50 atoms) 
  Slice 1300:1349 (50 atoms) 
  Slice 1350:1399 (50 atoms) 
  Slice 1400:1449 (50 atoms) 
  Slice 1450:1499 (50 atoms) 
  Slice 1500:1549 (50 atoms) 
  Slice 1550:1599 (50 atoms) 
  Slice 1600:1649 (50 atoms) 
  Slice 1650:1699 (50 atoms) 
  Slice 1700:1749 (50 atoms) 
  Slice 1750:1799 (50 atoms) 
  Slice 1800:1849 (50 atoms) 
  Slice 1850:1899 (50 atoms) 
  Slice 1900:1949 (50 atoms) 
  Slice 1950:1999 (50 atoms) 

